2025-10-12 00:40:59,121 - shop_bot - ERROR - main.py:374 - ❌ Ошибка создания админа: 1
2025-10-12 00:40:59,122 - shop_bot - INFO - health_check.py:41 - Система мониторинга запущена
2025-10-12 00:40:59,886 - shop_bot - INFO - scheduled_posts.py:147 - Загружено 0 автоматических постов
2025-10-12 00:40:59,886 - shop_bot - INFO - scheduled_posts.py:110 - Планировщик автоматических постов запущен
2025-10-12 00:40:59,887 - shop_bot - INFO - main.py:177 - ✅ Система автоматических постов инициализирована
2025-10-12 00:41:00,651 - shop_bot - INFO - main.py:211 - Мониторинг синхронизации данных запущен
2025-10-12 00:41:00,652 - shop_bot - INFO - main.py:196 - ✅ Бот инициализирован успешно
2025-10-12 00:41:00,653 - shop_bot - INFO - main.py:504 - 🛍 Телеграм-бот интернет-магазина запущен!
2025-10-12 00:41:00,653 - shop_bot - INFO - main.py:505 - 📱 Ожидание сообщений...
2025-10-12 00:41:00,654 - shop_bot - INFO - main.py:506 - Нажмите Ctrl+C для остановки
2025-10-12 00:41:17,459 - shop_bot - INFO - main.py:527 - Сообщение от 5720497431: 🛍 Katalog...
2025-10-12 00:41:22,161 - shop_bot - INFO - main.py:527 - Сообщение от 5720497431: 🛒 Savat...
2025-10-12 00:41:26,155 - shop_bot - INFO - main.py:527 - Сообщение от 5720497431: 🛍 Перейти в каталог...
2025-10-12 00:41:28,787 - shop_bot - INFO - main.py:527 - Сообщение от 5720497431: 🏠 Главная...
2025-10-12 00:41:31,291 - shop_bot - INFO - main.py:527 - Сообщение от 5720497431: 📋 Mening buyurtmalarim...
2025-10-12 00:41:34,348 - shop_bot - INFO - main.py:527 - Сообщение от 5720497431: 👤 Profil...
2025-10-12 00:41:41,516 - shop_bot - INFO - main.py:527 - Сообщение от 5720497431: 🛍 Katalog...
2025-10-12 00:41:51,142 - shop_bot - INFO - main.py:527 - Сообщение от 5720497431: 🔍 Qidiruv...
2025-10-12 00:41:53,896 - shop_bot - INFO - main.py:527 - Сообщение от 5720497431: 🏠 Главная...
2025-10-12 00:41:56,374 - shop_bot - INFO - main.py:527 - Сообщение от 5720497431: ℹ️ Yordam...
2025-10-12 00:41:58,981 - shop_bot - INFO - main.py:527 - Сообщение от 5720497431: 📞 Biz bilan bog'lanish...
2025-10-12 00:42:01,770 - shop_bot - INFO - main.py:527 - Сообщение от 5720497431: 🧑‍💼 Sotuvchi bo'lish...
2025-10-12 00:42:05,208 - shop_bot - INFO - main.py:527 - Сообщение от 5720497431: 🏠 Главная...
2025-10-12 00:42:07,259 - shop_bot - INFO - main.py:527 - Сообщение от 5720497431: 🏠 Главная...
2025-10-12 00:42:09,579 - shop_bot - INFO - main.py:527 - Сообщение от 5720497431: 🏠 Главная...
2025-10-12 00:42:16,744 - shop_bot - INFO - main.py:527 - Сообщение от 5720497431: 970345333...
2025-10-12 00:42:27,087 - shop_bot - INFO - main.py:527 - Сообщение от 5720497431: +998970345333...
2025-10-12 00:42:30,842 - shop_bot - INFO - main.py:527 - Сообщение от 5720497431: Ла...
2025-10-12 00:42:36,204 - shop_bot - INFO - main.py:527 - Сообщение от 5720497431: Ововов...
2025-10-12 00:43:25,673 - shop_bot - INFO - main.py:527 - Сообщение от 5720497431: 👤 Профиль...
2025-10-12 00:43:33,761 - shop_bot - INFO - main.py:527 - Сообщение от 5720497431: 🛍 Каталог...
2025-10-12 00:50:00,232 - shop_bot - INFO - main.py:527 - Сообщение от 5720497431: 📋 Мои заказы...
2025-10-12 00:50:03,434 - shop_bot - INFO - main.py:527 - Сообщение от 5720497431: 🛍 Каталог...
2025-10-12 01:06:26,628 - shop_bot - INFO - main.py:527 - Сообщение от 5720497431: Что думаешь бот и веб панел связь между собой?...
2025-10-12 10:51:50,991 - shop_bot - ERROR - main.py:374 - ❌ Ошибка создания админа: 1
2025-10-12 10:51:50,995 - shop_bot - INFO - health_check.py:41 - Система мониторинга запущена
2025-10-12 10:51:51,718 - shop_bot - INFO - scheduled_posts.py:147 - Загружено 0 автоматических постов
2025-10-12 10:51:51,718 - shop_bot - INFO - scheduled_posts.py:110 - Планировщик автоматических постов запущен
2025-10-12 10:51:51,719 - shop_bot - INFO - main.py:177 - ✅ Система автоматических постов инициализирована
2025-10-12 10:51:52,641 - shop_bot - INFO - main.py:211 - Мониторинг синхронизации данных запущен
2025-10-12 10:51:52,641 - shop_bot - INFO - main.py:196 - ✅ Бот инициализирован успешно
2025-10-12 10:51:52,641 - shop_bot - INFO - main.py:504 - 🛍 Телеграм-бот интернет-магазина запущен!
2025-10-12 10:51:52,641 - shop_bot - INFO - main.py:505 - 📱 Ожидание сообщений...
2025-10-12 10:51:52,641 - shop_bot - INFO - main.py:506 - Нажмите Ctrl+C для остановки
2025-10-20 09:29:04,548 - shop_bot - INFO - main.py:369 - ✅ Новый админ создан: Admin (ID: 5720497431)
2025-10-20 09:29:04,549 - shop_bot - INFO - health_check.py:41 - Система мониторинга запущена
2025-10-20 09:29:04,594 - shop_bot - ERROR - scheduled_posts.py:150 - Ошибка загрузки расписания: 'NoneType' object is not iterable
2025-10-20 09:29:04,595 - shop_bot - INFO - scheduled_posts.py:110 - Планировщик автоматических постов запущен
2025-10-20 09:29:04,595 - shop_bot - INFO - main.py:177 - ✅ Система автоматических постов инициализирована
2025-10-20 09:29:04,759 - shop_bot - INFO - main.py:211 - Мониторинг синхронизации данных запущен
2025-10-20 09:29:04,760 - shop_bot - INFO - main.py:196 - ✅ Бот инициализирован успешно
2025-10-20 09:29:04,760 - shop_bot - INFO - main.py:504 - 🛍 Телеграм-бот интернет-магазина запущен!
2025-10-20 09:29:04,760 - shop_bot - INFO - main.py:505 - 📱 Ожидание сообщений...
2025-10-20 09:29:04,760 - shop_bot - INFO - main.py:506 - Нажмите Ctrl+C для остановки
2025-10-20 09:29:10,590 - shop_bot - INFO - main.py:527 - Сообщение от 5720497431: 🛍 Katalog...
2025-10-20 09:29:13,922 - shop_bot - INFO - main.py:527 - Сообщение от 5720497431: 🛍 Каталог...
2025-10-20 09:29:16,017 - shop_bot - INFO - main.py:527 - Сообщение от 5720497431: 🛍 Каталог...
2025-10-20 09:29:19,913 - shop_bot - INFO - main.py:527 - Сообщение от 5720497431: /start...
2025-10-20 09:29:24,102 - shop_bot - INFO - main.py:378 - Получен сигнал 2, завершение работы...
2025-10-20 09:29:24,103 - shop_bot - INFO - main.py:586 - 🔄 Закрытие соединений...
2025-10-21 07:02:04,242 - shop_bot - INFO - main.py:369 - ✅ Новый админ создан: Admin (ID: 5720497431)
2025-10-21 07:02:04,244 - shop_bot - INFO - health_check.py:41 - Система мониторинга запущена
2025-10-21 07:02:04,447 - shop_bot - ERROR - scheduled_posts.py:150 - Ошибка загрузки расписания: 'NoneType' object is not iterable
2025-10-21 07:02:04,448 - shop_bot - INFO - scheduled_posts.py:110 - Планировщик автоматических постов запущен
2025-10-21 07:02:04,449 - shop_bot - INFO - main.py:177 - ✅ Система автоматических постов инициализирована
2025-10-21 07:02:04,573 - shop_bot - INFO - main.py:211 - Мониторинг синхронизации данных запущен
2025-10-21 07:02:04,573 - shop_bot - INFO - main.py:196 - ✅ Бот инициализирован успешно
2025-10-21 07:02:04,573 - shop_bot - INFO - main.py:504 - 🛍 Телеграм-бот интернет-магазина запущен!
2025-10-21 07:02:04,573 - shop_bot - INFO - main.py:505 - 📱 Ожидание сообщений...
2025-10-21 07:02:04,573 - shop_bot - INFO - main.py:506 - Нажмите Ctrl+C для остановки
2025-10-21 07:02:09,771 - shop_bot - WARNING - main.py:576 - getUpdates returned empty/invalid — backing off
2025-10-21 07:02:18,335 - shop_bot - INFO - main.py:378 - Получен сигнал 2, завершение работы...
2025-10-21 07:02:18,335 - shop_bot - INFO - main.py:586 - 🔄 Закрытие соединений...
2025-10-21 07:02:19,500 - shop_bot - INFO - main.py:369 - ✅ Новый админ создан: Admin (ID: 5720497431)
2025-10-21 07:02:19,501 - shop_bot - INFO - health_check.py:41 - Система мониторинга запущена
2025-10-21 07:02:19,629 - shop_bot - ERROR - scheduled_posts.py:150 - Ошибка загрузки расписания: 'NoneType' object is not iterable
2025-10-21 07:02:19,629 - shop_bot - INFO - scheduled_posts.py:110 - Планировщик автоматических постов запущен
2025-10-21 07:02:19,630 - shop_bot - INFO - main.py:177 - ✅ Система автоматических постов инициализирована
2025-10-21 07:02:19,734 - shop_bot - INFO - main.py:211 - Мониторинг синхронизации данных запущен
2025-10-21 07:02:19,734 - shop_bot - INFO - main.py:196 - ✅ Бот инициализирован успешно
2025-10-21 07:02:19,734 - shop_bot - INFO - main.py:504 - 🛍 Телеграм-бот интернет-магазина запущен!
2025-10-21 07:02:19,734 - shop_bot - INFO - main.py:505 - 📱 Ожидание сообщений...
2025-10-21 07:02:19,734 - shop_bot - INFO - main.py:506 - Нажмите Ctrl+C для остановки
2025-10-21 07:02:24,006 - shop_bot - INFO - main.py:527 - Сообщение от 5720497431: 🔙 Главная...
2025-10-21 07:02:26,259 - shop_bot - INFO - main.py:527 - Сообщение от 5720497431: 🛍 Каталог...
2025-10-21 07:02:28,102 - shop_bot - INFO - main.py:527 - Сообщение от 5720497431: 🛍 Каталог...
2025-10-21 07:02:39,787 - shop_bot - INFO - main.py:378 - Получен сигнал 2, завершение работы...
2025-10-21 07:02:39,788 - shop_bot - INFO - main.py:586 - 🔄 Закрытие соединений...
2025-10-21 07:41:57,561 - shop_bot - INFO - main.py:369 - ✅ Новый админ создан: Admin (ID: 5720497431)
2025-10-21 07:41:57,561 - shop_bot - INFO - health_check.py:41 - Система мониторинга запущена
2025-10-21 07:41:57,656 - shop_bot - ERROR - scheduled_posts.py:150 - Ошибка загрузки расписания: 'NoneType' object is not iterable
2025-10-21 07:41:57,658 - shop_bot - INFO - scheduled_posts.py:110 - Планировщик автоматических постов запущен
2025-10-21 07:41:57,658 - shop_bot - INFO - main.py:177 - ✅ Система автоматических постов инициализирована
2025-10-21 07:41:57,744 - shop_bot - INFO - main.py:211 - Мониторинг синхронизации данных запущен
2025-10-21 07:41:57,745 - shop_bot - INFO - main.py:196 - ✅ Бот инициализирован успешно
2025-10-21 07:41:57,745 - shop_bot - INFO - main.py:504 - 🛍 Телеграм-бот интернет-магазина запущен!
2025-10-21 07:41:57,745 - shop_bot - INFO - main.py:505 - 📱 Ожидание сообщений...
2025-10-21 07:41:57,745 - shop_bot - INFO - main.py:506 - Нажмите Ctrl+C для остановки
2025-10-21 07:42:13,001 - shop_bot - INFO - main.py:527 - Сообщение от 5720497431: 🛍 Каталог...
2025-10-21 07:42:16,692 - shop_bot - INFO - main.py:527 - Сообщение от 5720497431: /start...
2025-10-21 07:42:19,554 - shop_bot - INFO - main.py:527 - Сообщение от 5720497431: Aziz Salimov...
2025-10-21 07:42:21,603 - shop_bot - INFO - main.py:527 - Сообщение от 5720497431: ⏭ Пропустить...
2025-10-21 07:42:23,375 - shop_bot - INFO - main.py:527 - Сообщение от 5720497431: ⏭ Пропустить...
2025-10-21 07:42:24,983 - shop_bot - INFO - main.py:527 - Сообщение от 5720497431: 🇷🇺 Русский...
2025-10-21 09:17:23,907 - shop_bot - INFO - main.py:370 - ✅ Новый админ создан: Admin (ID: 5720497431)
2025-10-21 09:17:23,909 - shop_bot - INFO - health_check.py:42 - Система мониторинга запущена
2025-10-21 09:17:23,953 - shop_bot - ERROR - scheduled_posts.py:151 - Ошибка загрузки расписания: 'NoneType' object is not iterable
2025-10-21 09:17:23,953 - shop_bot - INFO - scheduled_posts.py:111 - Планировщик автоматических постов запущен
2025-10-21 09:17:23,953 - shop_bot - INFO - main.py:178 - ✅ Система автоматических постов инициализирована
2025-10-21 09:17:24,002 - shop_bot - INFO - main.py:212 - Мониторинг синхронизации данных запущен
2025-10-21 09:17:24,002 - shop_bot - INFO - main.py:197 - ✅ Бот инициализирован успешно
2025-10-21 09:17:24,002 - shop_bot - INFO - main.py:505 - 🛍 Телеграм-бот интернет-магазина запущен!
2025-10-21 09:17:24,002 - shop_bot - INFO - main.py:506 - 📱 Ожидание сообщений...
2025-10-21 09:17:24,002 - shop_bot - INFO - main.py:507 - Нажмите Ctrl+C для остановки
2025-10-21 09:17:35,023 - shop_bot - INFO - main.py:528 - Сообщение от 5720497431: 🇷🇺 Русский...
2025-10-21 09:17:37,678 - shop_bot - INFO - main.py:528 - Сообщение от 5720497431: 🛍 Каталог...
2025-10-21 09:17:39,623 - shop_bot - INFO - main.py:528 - Сообщение от 5720497431: /start...
2025-10-21 09:17:42,183 - shop_bot - INFO - main.py:528 - Сообщение от 5720497431: Aziz Salimov...
2025-10-21 09:17:44,333 - shop_bot - INFO - main.py:528 - Сообщение от 5720497431: ⏭ Пропустить...
2025-10-21 09:17:46,179 - shop_bot - INFO - main.py:528 - Сообщение от 5720497431: ⏭ Пропустить...
2025-10-21 09:17:48,123 - shop_bot - INFO - main.py:528 - Сообщение от 5720497431: 🇷🇺 Русский...
2025-10-21 09:19:51,389 - shop_bot - INFO - main.py:379 - Получен сигнал 2, завершение работы...
2025-10-21 09:19:51,389 - shop_bot - INFO - main.py:587 - 🔄 Закрытие соединений...
2025-10-21 09:19:53,461 - shop_bot - INFO - main.py:370 - ✅ Новый админ создан: Admin (ID: 5720497431)
2025-10-21 09:19:53,461 - shop_bot - INFO - health_check.py:42 - Система мониторинга запущена
2025-10-21 09:19:53,666 - shop_bot - ERROR - scheduled_posts.py:151 - Ошибка загрузки расписания: 'NoneType' object is not iterable
2025-10-21 09:19:53,666 - shop_bot - INFO - scheduled_posts.py:111 - Планировщик автоматических постов запущен
2025-10-21 09:19:53,666 - shop_bot - INFO - main.py:178 - ✅ Система автоматических постов инициализирована
2025-10-21 09:19:53,972 - shop_bot - INFO - main.py:212 - Мониторинг синхронизации данных запущен
2025-10-21 09:19:53,973 - shop_bot - INFO - main.py:197 - ✅ Бот инициализирован успешно
2025-10-21 09:19:53,973 - shop_bot - INFO - main.py:505 - 🛍 Телеграм-бот интернет-магазина запущен!
2025-10-21 09:19:53,973 - shop_bot - INFO - main.py:506 - 📱 Ожидание сообщений...
2025-10-21 09:19:53,973 - shop_bot - INFO - main.py:507 - Нажмите Ctrl+C для остановки
2025-10-21 09:24:09,050 - shop_bot - INFO - main.py:370 - ✅ Новый админ создан: Admin (ID: 5720497431)
2025-10-21 09:24:09,051 - shop_bot - INFO - health_check.py:42 - Система мониторинга запущена
2025-10-21 09:24:09,256 - shop_bot - ERROR - scheduled_posts.py:151 - Ошибка загрузки расписания: 'NoneType' object is not iterable
2025-10-21 09:24:09,256 - shop_bot - INFO - scheduled_posts.py:111 - Планировщик автоматических постов запущен
2025-10-21 09:24:09,257 - shop_bot - INFO - main.py:178 - ✅ Система автоматических постов инициализирована
2025-10-21 09:24:09,562 - shop_bot - INFO - main.py:212 - Мониторинг синхронизации данных запущен
2025-10-21 09:24:09,563 - shop_bot - INFO - main.py:197 - ✅ Бот инициализирован успешно
2025-10-21 09:24:09,563 - shop_bot - INFO - main.py:505 - 🛍 Телеграм-бот интернет-магазина запущен!
2025-10-21 09:24:09,563 - shop_bot - INFO - main.py:506 - 📱 Ожидание сообщений...
2025-10-21 09:24:09,563 - shop_bot - INFO - main.py:507 - Нажмите Ctrl+C для остановки
2025-10-21 09:46:59,781 - shop_bot - INFO - main.py:370 - ✅ Новый админ создан: Admin (ID: 5720497431)
2025-10-21 09:46:59,782 - shop_bot - INFO - health_check.py:42 - Система мониторинга запущена
2025-10-21 09:47:00,084 - shop_bot - ERROR - scheduled_posts.py:151 - Ошибка загрузки расписания: 'NoneType' object is not iterable
2025-10-21 09:47:00,084 - shop_bot - INFO - scheduled_posts.py:111 - Планировщик автоматических постов запущен
2025-10-21 09:47:00,085 - shop_bot - INFO - main.py:178 - ✅ Система автоматических постов инициализирована
2025-10-21 09:47:00,495 - shop_bot - INFO - main.py:212 - Мониторинг синхронизации данных запущен
2025-10-21 09:47:00,496 - shop_bot - INFO - main.py:197 - ✅ Бот инициализирован успешно
2025-10-21 09:47:00,496 - shop_bot - INFO - main.py:505 - 🛍 Телеграм-бот интернет-магазина запущен!
2025-10-21 09:47:00,496 - shop_bot - INFO - main.py:506 - 📱 Ожидание сообщений...
2025-10-21 09:47:00,496 - shop_bot - INFO - main.py:507 - Нажмите Ctrl+C для остановки
2025-10-21 09:49:01,450 - shop_bot - INFO - main.py:379 - Получен сигнал 2, завершение работы...
2025-10-21 09:49:01,451 - shop_bot - INFO - main.py:587 - 🔄 Закрытие соединений...
2025-10-21 09:57:33,751 - shop_bot - INFO - main.py:369 - ✅ Новый админ создан: Admin (ID: 5720497431)
2025-10-21 09:57:33,752 - shop_bot - INFO - health_check.py:41 - Система мониторинга запущена
2025-10-21 09:57:33,959 - shop_bot - ERROR - scheduled_posts.py:150 - Ошибка загрузки расписания: 'NoneType' object is not iterable
2025-10-21 09:57:33,960 - shop_bot - INFO - scheduled_posts.py:110 - Планировщик автоматических постов запущен
2025-10-21 09:57:33,960 - shop_bot - INFO - main.py:177 - ✅ Система автоматических постов инициализирована
2025-10-21 09:57:34,362 - shop_bot - INFO - main.py:211 - Мониторинг синхронизации данных запущен
2025-10-21 09:57:34,362 - shop_bot - INFO - main.py:196 - ✅ Бот инициализирован успешно
2025-10-21 09:57:34,363 - shop_bot - INFO - main.py:504 - 🛍 Телеграм-бот интернет-магазина запущен!
2025-10-21 09:57:34,363 - shop_bot - INFO - main.py:505 - 📱 Ожидание сообщений...
2025-10-21 09:57:34,363 - shop_bot - INFO - main.py:506 - Нажмите Ctrl+C для остановки
2025-10-21 09:59:54,717 - shop_bot - INFO - main.py:378 - Получен сигнал 2, завершение работы...
2025-10-21 09:59:54,718 - shop_bot - INFO - main.py:586 - 🔄 Закрытие соединений...
2025-10-21 10:02:55,460 - shop_bot - INFO - main.py:369 - ✅ Новый админ создан: Admin (ID: 5720497431)
2025-10-21 10:02:55,460 - shop_bot - INFO - health_check.py:41 - Система мониторинга запущена
2025-10-21 10:02:56,134 - shop_bot - INFO - scheduled_posts.py:147 - Загружено 0 автоматических постов
2025-10-21 10:02:56,134 - shop_bot - INFO - scheduled_posts.py:110 - Планировщик автоматических постов запущен
2025-10-21 10:02:56,135 - shop_bot - INFO - main.py:177 - ✅ Система автоматических постов инициализирована
2025-10-21 10:02:56,744 - shop_bot - INFO - main.py:211 - Мониторинг синхронизации данных запущен
2025-10-21 10:02:56,744 - shop_bot - INFO - main.py:196 - ✅ Бот инициализирован успешно
2025-10-21 10:02:56,745 - shop_bot - INFO - main.py:504 - 🛍 Телеграм-бот интернет-магазина запущен!
2025-10-21 10:02:56,745 - shop_bot - INFO - main.py:505 - 📱 Ожидание сообщений...
2025-10-21 10:02:56,745 - shop_bot - INFO - main.py:506 - Нажмите Ctrl+C для остановки
2025-10-22 05:37:00,471 - shop_bot - ERROR - main.py:374 - ❌ Ошибка создания админа: 1
2025-10-22 05:37:00,471 - shop_bot - INFO - health_check.py:41 - Система мониторинга запущена
2025-10-22 05:37:00,863 - shop_bot - INFO - scheduled_posts.py:147 - Загружено 0 автоматических постов
2025-10-22 05:37:00,864 - shop_bot - INFO - scheduled_posts.py:110 - Планировщик автоматических постов запущен
2025-10-22 05:37:00,864 - shop_bot - INFO - main.py:177 - ✅ Система автоматических постов инициализирована
2025-10-22 05:37:01,506 - shop_bot - INFO - main.py:211 - Мониторинг синхронизации данных запущен
2025-10-22 05:37:01,506 - shop_bot - INFO - main.py:196 - ✅ Бот инициализирован успешно
2025-10-22 05:37:01,506 - shop_bot - INFO - main.py:504 - 🛍 Телеграм-бот интернет-магазина запущен!
2025-10-22 05:37:01,506 - shop_bot - INFO - main.py:505 - 📱 Ожидание сообщений...
2025-10-22 05:37:01,507 - shop_bot - INFO - main.py:506 - Нажмите Ctrl+C для остановки
2025-10-22 05:37:08,319 - shop_bot - INFO - main.py:527 - Сообщение от 5720497431: 🛍 Каталог...
2025-10-22 05:37:11,709 - shop_bot - INFO - main.py:527 - Сообщение от 5720497431: 📱 Электроника...
2025-10-22 05:37:13,719 - shop_bot - INFO - main.py:527 - Сообщение от 5720497431: 📱 Электроника...
2025-10-22 05:37:18,650 - shop_bot - INFO - main.py:527 - Сообщение от 5720497431: 🔙 Главная...
2025-10-22 05:37:21,318 - shop_bot - INFO - main.py:527 - Сообщение от 5720497431: 🛒 Корзина...
2025-10-22 05:37:24,180 - shop_bot - INFO - main.py:527 - Сообщение от 5720497431: 🛍 Перейти в каталог...
2025-10-22 05:37:26,944 - shop_bot - INFO - main.py:527 - Сообщение от 5720497431: None Смартфоны...
2025-10-22 05:37:29,607 - shop_bot - INFO - main.py:527 - Сообщение от 5720497431: 🛍 Каталог...
2025-10-22 05:37:32,053 - shop_bot - INFO - main.py:527 - Сообщение от 5720497431: 📱 Электроника...
2025-10-22 07:39:02,182 - shop_bot - ERROR - main.py:374 - ❌ Ошибка создания админа: 1
2025-10-22 07:39:02,184 - shop_bot - INFO - health_check.py:41 - Система мониторинга запущена
2025-10-22 07:39:02,859 - shop_bot - ERROR - scheduled_posts.py:150 - Ошибка загрузки расписания: too many values to unpack (expected 8)
2025-10-22 07:39:02,859 - shop_bot - INFO - scheduled_posts.py:110 - Планировщик автоматических постов запущен
2025-10-22 07:39:02,859 - shop_bot - INFO - main.py:177 - ✅ Система автоматических постов инициализирована
2025-10-22 07:39:03,513 - shop_bot - INFO - main.py:211 - Мониторинг синхронизации данных запущен
2025-10-22 07:39:03,513 - shop_bot - INFO - main.py:196 - ✅ Бот инициализирован успешно
2025-10-22 07:39:03,513 - shop_bot - INFO - main.py:504 - 🛍 Телеграм-бот интернет-магазина запущен!
2025-10-22 07:39:03,513 - shop_bot - INFO - main.py:505 - 📱 Ожидание сообщений...
2025-10-22 07:39:03,513 - shop_bot - INFO - main.py:506 - Нажмите Ctrl+C для остановки
2025-10-22 07:39:10,795 - shop_bot - INFO - main.py:527 - Сообщение от 5720497431: 🔙 Главная...
2025-10-22 07:39:13,857 - shop_bot - INFO - main.py:527 - Сообщение от 5720497431: 🛍 Каталог...
2025-10-22 07:39:17,102 - shop_bot - INFO - main.py:527 - Сообщение от 5720497431: None Смартфоны...
2025-10-22 07:39:19,693 - shop_bot - INFO - main.py:527 - Сообщение от 5720497431: 🛍 Каталог...
2025-10-22 07:39:22,151 - shop_bot - INFO - main.py:527 - Сообщение от 5720497431: 📱 Электроника...
2025-10-22 07:39:24,609 - shop_bot - INFO - main.py:527 - Сообщение от 5720497431: 📱 Электроника...
2025-10-23 03:42:42,278 - shop_bot - INFO - main.py:362 - ✅ Админ уже существует: Admin
2025-10-23 03:42:42,278 - shop_bot - INFO - health_check.py:41 - Система мониторинга запущена
2025-10-23 03:42:42,919 - shop_bot - INFO - scheduled_posts.py:147 - Загружено 1 автоматических постов
2025-10-23 03:42:42,921 - shop_bot - INFO - scheduled_posts.py:110 - Планировщик автоматических постов запущен
2025-10-23 03:42:42,922 - shop_bot - INFO - main.py:177 - ✅ Система автоматических постов инициализирована
2025-10-23 03:42:43,813 - shop_bot - INFO - main.py:211 - Мониторинг синхронизации данных запущен
2025-10-23 03:42:43,815 - shop_bot - INFO - main.py:196 - ✅ Бот инициализирован успешно
2025-10-23 03:42:43,816 - shop_bot - INFO - main.py:504 - 🛍 Телеграм-бот интернет-магазина запущен!
2025-10-23 03:42:43,816 - shop_bot - INFO - main.py:505 - 📱 Ожидание сообщений...
2025-10-23 03:42:43,816 - shop_bot - INFO - main.py:506 - Нажмите Ctrl+C для остановки
2025-10-23 03:42:51,633 - shop_bot - INFO - main.py:378 - Получен сигнал 2, завершение работы...
2025-10-23 03:42:51,633 - shop_bot - INFO - main.py:586 - 🔄 Закрытие соединений...
2025-10-23 03:57:26,707 - shop_bot - INFO - main.py:362 - ✅ Админ уже существует: Admin
2025-10-23 03:57:26,708 - shop_bot - INFO - health_check.py:41 - Система мониторинга запущена
2025-10-23 03:57:27,423 - shop_bot - INFO - scheduled_posts.py:147 - Загружено 1 автоматических постов
2025-10-23 03:57:27,424 - shop_bot - INFO - scheduled_posts.py:110 - Планировщик автоматических постов запущен
2025-10-23 03:57:27,424 - shop_bot - INFO - main.py:177 - ✅ Система автоматических постов инициализирована
2025-10-23 03:57:28,854 - shop_bot - INFO - main.py:211 - Мониторинг синхронизации данных запущен
2025-10-23 03:57:28,854 - shop_bot - INFO - main.py:196 - ✅ Бот инициализирован успешно
2025-10-23 03:57:28,855 - shop_bot - INFO - main.py:504 - 🛍 Телеграм-бот интернет-магазина запущен!
2025-10-23 03:57:28,855 - shop_bot - INFO - main.py:505 - 📱 Ожидание сообщений...
2025-10-23 03:57:28,856 - shop_bot - INFO - main.py:506 - Нажмите Ctrl+C для остановки
2025-10-23 03:57:31,381 - shop_bot - INFO - main.py:378 - Получен сигнал 2, завершение работы...
2025-10-23 03:57:31,381 - shop_bot - INFO - main.py:586 - 🔄 Закрытие соединений...
2025-10-23 04:11:58,543 - shop_bot - INFO - main.py:362 - ✅ Админ уже существует: Admin
2025-10-23 04:11:58,544 - shop_bot - INFO - health_check.py:41 - Система мониторинга запущена
2025-10-23 04:11:59,256 - shop_bot - INFO - scheduled_posts.py:147 - Загружено 1 автоматических постов
2025-10-23 04:11:59,260 - shop_bot - INFO - scheduled_posts.py:110 - Планировщик автоматических постов запущен
2025-10-23 04:11:59,260 - shop_bot - INFO - main.py:177 - ✅ Система автоматических постов инициализирована
2025-10-23 04:12:00,280 - shop_bot - INFO - main.py:211 - Мониторинг синхронизации данных запущен
2025-10-23 04:12:00,281 - shop_bot - INFO - main.py:196 - ✅ Бот инициализирован успешно
2025-10-23 04:12:00,282 - shop_bot - INFO - main.py:504 - 🛍 Телеграм-бот интернет-магазина запущен!
2025-10-23 04:12:00,282 - shop_bot - INFO - main.py:505 - 📱 Ожидание сообщений...
2025-10-23 04:12:00,282 - shop_bot - INFO - main.py:506 - Нажмите Ctrl+C для остановки
2025-10-23 04:13:08,043 - shop_bot - INFO - main.py:378 - Получен сигнал 2, завершение работы...
2025-10-23 04:13:08,043 - shop_bot - INFO - main.py:586 - 🔄 Закрытие соединений...
2025-10-23 04:13:45,848 - shop_bot - INFO - main.py:362 - ✅ Админ уже существует: Admin
2025-10-23 04:13:45,849 - shop_bot - INFO - health_check.py:41 - Система мониторинга запущена
2025-10-23 04:13:46,482 - shop_bot - INFO - scheduled_posts.py:147 - Загружено 1 автоматических постов
2025-10-23 04:13:46,483 - shop_bot - INFO - scheduled_posts.py:110 - Планировщик автоматических постов запущен
2025-10-23 04:13:46,483 - shop_bot - INFO - main.py:177 - ✅ Система автоматических постов инициализирована
2025-10-23 04:13:47,117 - shop_bot - INFO - main.py:211 - Мониторинг синхронизации данных запущен
2025-10-23 04:13:47,117 - shop_bot - INFO - main.py:196 - ✅ Бот инициализирован успешно
2025-10-23 04:13:47,117 - shop_bot - INFO - main.py:504 - 🛍 Телеграм-бот интернет-магазина запущен!
2025-10-23 04:13:47,117 - shop_bot - INFO - main.py:505 - 📱 Ожидание сообщений...
2025-10-23 04:13:47,117 - shop_bot - INFO - main.py:506 - Нажмите Ctrl+C для остановки
2025-10-23 04:13:53,897 - shop_bot - INFO - main.py:378 - Получен сигнал 2, завершение работы...
2025-10-23 04:13:53,897 - shop_bot - INFO - main.py:586 - 🔄 Закрытие соединений...
2025-10-23 04:16:51,971 - shop_bot - INFO - main.py:362 - ✅ Админ уже существует: Admin
2025-10-23 04:16:51,972 - shop_bot - INFO - health_check.py:41 - Система мониторинга запущена
2025-10-23 04:16:52,567 - shop_bot - INFO - scheduled_posts.py:147 - Загружено 1 автоматических постов
2025-10-23 04:16:52,567 - shop_bot - INFO - scheduled_posts.py:110 - Планировщик автоматических постов запущен
2025-10-23 04:16:52,589 - shop_bot - INFO - main.py:177 - ✅ Система автоматических постов инициализирована
2025-10-23 04:16:53,392 - shop_bot - INFO - main.py:211 - Мониторинг синхронизации данных запущен
2025-10-23 04:16:53,394 - shop_bot - INFO - main.py:196 - ✅ Бот инициализирован успешно
2025-10-23 04:16:53,394 - shop_bot - INFO - main.py:504 - 🛍 Телеграм-бот интернет-магазина запущен!
2025-10-23 04:16:53,394 - shop_bot - INFO - main.py:505 - 📱 Ожидание сообщений...
2025-10-23 04:16:53,394 - shop_bot - INFO - main.py:506 - Нажмите Ctrl+C для остановки
2025-10-23 04:19:01,967 - shop_bot - INFO - main.py:378 - Получен сигнал 2, завершение работы...
2025-10-23 04:19:01,968 - shop_bot - INFO - main.py:586 - 🔄 Закрытие соединений...
2025-10-23 04:19:16,607 - shop_bot - INFO - main.py:362 - ✅ Админ уже существует: Admin
2025-10-23 04:19:16,608 - shop_bot - INFO - health_check.py:41 - Система мониторинга запущена
2025-10-23 04:19:17,119 - shop_bot - INFO - scheduled_posts.py:147 - Загружено 1 автоматических постов
2025-10-23 04:19:17,119 - shop_bot - INFO - scheduled_posts.py:110 - Планировщик автоматических постов запущен
2025-10-23 04:19:17,119 - shop_bot - INFO - main.py:177 - ✅ Система автоматических постов инициализирована
2025-10-23 04:19:17,837 - shop_bot - INFO - main.py:211 - Мониторинг синхронизации данных запущен
2025-10-23 04:19:17,837 - shop_bot - INFO - main.py:196 - ✅ Бот инициализирован успешно
2025-10-23 04:19:17,837 - shop_bot - INFO - main.py:504 - 🛍 Телеграм-бот интернет-магазина запущен!
2025-10-23 04:19:17,837 - shop_bot - INFO - main.py:505 - 📱 Ожидание сообщений...
2025-10-23 04:19:17,837 - shop_bot - INFO - main.py:506 - Нажмите Ctrl+C для остановки
2025-10-23 04:19:46,507 - shop_bot - INFO - main.py:527 - Сообщение от 5720497431: 🔙 Главная...
2025-10-23 04:19:49,597 - shop_bot - INFO - main.py:527 - Сообщение от 5720497431: 🛍 Каталог...
2025-10-23 04:19:52,038 - shop_bot - INFO - main.py:527 - Сообщение от 5720497431: 📱 Электроника...
2025-10-23 04:19:54,802 - shop_bot - INFO - main.py:527 - Сообщение от 5720497431: 📱 Электроника...
2025-10-23 04:19:57,771 - shop_bot - INFO - main.py:527 - Сообщение от 5720497431: 🔙 Главная...
2025-10-23 04:20:00,439 - shop_bot - INFO - main.py:527 - Сообщение от 5720497431: 🛒 Корзина...
2025-10-23 04:20:02,777 - shop_bot - INFO - main.py:527 - Сообщение от 5720497431: 🏠 Главная...
2025-10-23 04:20:06,081 - shop_bot - INFO - main.py:527 - Сообщение от 5720497431: 👤 Профиль...
2025-10-23 04:20:09,035 - shop_bot - INFO - main.py:527 - Сообщение от 5720497431: 📋 Мои заказы...
2025-10-23 04:20:12,005 - shop_bot - INFO - main.py:527 - Сообщение от 5720497431: ℹ️ Помощь...
2025-10-23 04:20:24,191 - shop_bot - INFO - main.py:527 - Сообщение от 5720497431: 📋 Мои заказы...
2025-10-23 04:20:32,997 - shop_bot - INFO - main.py:527 - Сообщение от 5720497431: 👤 Профиль...
2025-10-23 04:33:20,731 - shop_bot - INFO - main.py:378 - Получен сигнал 2, завершение работы...
2025-10-23 04:33:20,732 - shop_bot - INFO - main.py:586 - 🔄 Закрытие соединений...
2025-10-23 04:36:57,448 - shop_bot - INFO - main.py:362 - ✅ Админ уже существует: Admin
2025-10-23 04:36:57,449 - shop_bot - INFO - health_check.py:41 - Система мониторинга запущена
2025-10-23 04:36:58,470 - shop_bot - INFO - scheduled_posts.py:147 - Загружено 1 автоматических постов
2025-10-23 04:36:58,471 - shop_bot - INFO - scheduled_posts.py:110 - Планировщик автоматических постов запущен
2025-10-23 04:36:58,472 - shop_bot - INFO - main.py:177 - ✅ Система автоматических постов инициализирована
2025-10-23 04:36:59,289 - shop_bot - INFO - main.py:211 - Мониторинг синхронизации данных запущен
2025-10-23 04:36:59,289 - shop_bot - INFO - main.py:196 - ✅ Бот инициализирован успешно
2025-10-23 04:36:59,289 - shop_bot - INFO - main.py:504 - 🛍 Телеграм-бот интернет-магазина запущен!
2025-10-23 04:36:59,290 - shop_bot - INFO - main.py:505 - 📱 Ожидание сообщений...
2025-10-23 04:36:59,290 - shop_bot - INFO - main.py:506 - Нажмите Ctrl+C для остановки
2025-10-23 04:37:10,584 - shop_bot - INFO - main.py:378 - Получен сигнал 2, завершение работы...
2025-10-23 04:37:10,584 - shop_bot - INFO - main.py:586 - 🔄 Закрытие соединений...
2025-10-23 04:37:32,836 - shop_bot - INFO - main.py:362 - ✅ Админ уже существует: Admin
2025-10-23 04:37:32,837 - shop_bot - INFO - health_check.py:41 - Система мониторинга запущена
2025-10-23 04:37:33,593 - shop_bot - INFO - scheduled_posts.py:147 - Загружено 1 автоматических постов
2025-10-23 04:37:33,593 - shop_bot - INFO - scheduled_posts.py:110 - Планировщик автоматических постов запущен
2025-10-23 04:37:33,595 - shop_bot - INFO - main.py:177 - ✅ Система автоматических постов инициализирована
2025-10-23 04:37:34,467 - shop_bot - INFO - main.py:211 - Мониторинг синхронизации данных запущен
2025-10-23 04:37:34,467 - shop_bot - INFO - main.py:196 - ✅ Бот инициализирован успешно
2025-10-23 04:37:34,467 - shop_bot - INFO - main.py:504 - 🛍 Телеграм-бот интернет-магазина запущен!
2025-10-23 04:37:34,467 - shop_bot - INFO - main.py:505 - 📱 Ожидание сообщений...
2025-10-23 04:37:34,467 - shop_bot - INFO - main.py:506 - Нажмите Ctrl+C для остановки
2025-10-23 04:39:40,581 - shop_bot - INFO - main.py:378 - Получен сигнал 2, завершение работы...
2025-10-23 04:39:40,581 - shop_bot - INFO - main.py:586 - 🔄 Закрытие соединений...
2025-10-23 05:01:24,450 - shop_bot - INFO - main.py:362 - ✅ Админ уже существует: Admin
2025-10-23 05:01:24,451 - shop_bot - INFO - health_check.py:41 - Система мониторинга запущена
2025-10-23 05:01:24,960 - shop_bot - ERROR - scheduled_posts.py:148 - Ошибка загрузки расписания: 'ScheduledPostsManager' object has no attribute 'db'
2025-10-23 05:01:24,961 - shop_bot - INFO - scheduled_posts.py:108 - Планировщик автоматических постов запущен
2025-10-23 05:01:24,961 - shop_bot - INFO - main.py:177 - ✅ Система автоматических постов инициализирована
2025-10-23 05:01:25,988 - shop_bot - INFO - main.py:211 - Мониторинг синхронизации данных запущен
2025-10-23 05:01:25,988 - shop_bot - INFO - main.py:196 - ✅ Бот инициализирован успешно
2025-10-23 05:01:25,988 - shop_bot - INFO - main.py:504 - 🛍 Телеграм-бот интернет-магазина запущен!
2025-10-23 05:01:25,988 - shop_bot - INFO - main.py:505 - 📱 Ожидание сообщений...
2025-10-23 05:01:25,988 - shop_bot - INFO - main.py:506 - Нажмите Ctrl+C для остановки
2025-10-23 05:30:15,877 - shop_bot - INFO - main.py:527 - Сообщение от 5720497431: 🛍 Каталог...
2025-10-23 05:30:19,974 - shop_bot - INFO - main.py:527 - Сообщение от 5720497431: 📱 Электроника...
2025-10-23 05:30:23,046 - shop_bot - INFO - main.py:527 - Сообщение от 5720497431: 📱 Электроника...
2025-10-23 05:33:07,104 - shop_bot - INFO - main.py:378 - Получен сигнал 2, завершение работы...
2025-10-23 05:33:07,104 - shop_bot - INFO - main.py:586 - 🔄 Закрытие соединений...
2025-10-23 05:33:47,534 - shop_bot - INFO - main.py:362 - ✅ Админ уже существует: Admin
2025-10-23 05:33:47,535 - shop_bot - INFO - health_check.py:41 - Система мониторинга запущена
2025-10-23 05:33:47,945 - shop_bot - ERROR - scheduled_posts.py:148 - Ошибка загрузки расписания: 'ScheduledPostsManager' object has no attribute 'db'
2025-10-23 05:33:47,947 - shop_bot - INFO - scheduled_posts.py:108 - Планировщик автоматических постов запущен
2025-10-23 05:33:47,947 - shop_bot - INFO - main.py:177 - ✅ Система автоматических постов инициализирована
2025-10-23 05:33:48,784 - shop_bot - INFO - main.py:211 - Мониторинг синхронизации данных запущен
2025-10-23 05:33:48,785 - shop_bot - INFO - main.py:196 - ✅ Бот инициализирован успешно
2025-10-23 05:33:48,785 - shop_bot - INFO - main.py:504 - 🛍 Телеграм-бот интернет-магазина запущен!
2025-10-23 05:33:48,785 - shop_bot - INFO - main.py:505 - 📱 Ожидание сообщений...
2025-10-23 05:33:48,785 - shop_bot - INFO - main.py:506 - Нажмите Ctrl+C для остановки
2025-10-23 05:34:41,366 - shop_bot - INFO - main.py:378 - Получен сигнал 2, завершение работы...
2025-10-23 05:34:41,366 - shop_bot - INFO - main.py:586 - 🔄 Закрытие соединений...
2025-10-23 05:35:31,878 - shop_bot - INFO - main.py:362 - ✅ Админ уже существует: Admin
2025-10-23 05:35:31,879 - shop_bot - INFO - health_check.py:41 - Система мониторинга запущена
2025-10-23 05:35:32,287 - shop_bot - ERROR - scheduled_posts.py:148 - Ошибка загрузки расписания: 'ScheduledPostsManager' object has no attribute 'db'
2025-10-23 05:35:32,288 - shop_bot - INFO - scheduled_posts.py:108 - Планировщик автоматических постов запущен
2025-10-23 05:35:32,288 - shop_bot - INFO - main.py:177 - ✅ Система автоматических постов инициализирована
2025-10-23 05:35:33,212 - shop_bot - INFO - main.py:211 - Мониторинг синхронизации данных запущен
2025-10-23 05:35:33,212 - shop_bot - INFO - main.py:196 - ✅ Бот инициализирован успешно
2025-10-23 05:35:33,213 - shop_bot - INFO - main.py:504 - 🛍 Телеграм-бот интернет-магазина запущен!
2025-10-23 05:35:33,213 - shop_bot - INFO - main.py:505 - 📱 Ожидание сообщений...
2025-10-23 05:35:33,213 - shop_bot - INFO - main.py:506 - Нажмите Ctrl+C для остановки
2025-10-23 05:35:35,600 - shop_bot - INFO - main.py:527 - Сообщение от 5720497431: 📱 Электроника...
2025-10-23 05:35:42,371 - shop_bot - INFO - main.py:527 - Сообщение от 5720497431: 📱 Электроника...
2025-10-23 05:35:45,610 - shop_bot - INFO - main.py:527 - Сообщение от 5720497431: None Смартфоны...
2025-10-23 05:41:03,634 - shop_bot - INFO - main.py:378 - Получен сигнал 2, завершение работы...
2025-10-23 05:41:03,634 - shop_bot - INFO - main.py:586 - 🔄 Закрытие соединений...
